-------------------------------------------------------------------------------
Test set: com.usuario.service.UsuarioServiceApplicationTests
-------------------------------------------------------------------------------
Tests run: 1, Failures: 0, Errors: 1, Skipped: 0, Time elapsed: 8.933 s <<< FAILURE! - in com.usuario.service.UsuarioServiceApplicationTests
contextLoads  Time elapsed: 0 s  <<< ERROR!
java.lang.IllegalStateException: Failed to load ApplicationContext
Caused by: org.springframework.beans.factory.UnsatisfiedDependencyException: Error creating bean with name 'usuarioController': Unsatisfied dependency expressed through field 'usuarioService'; nested exception is org.springframework.beans.factory.UnsatisfiedDependencyException: Error creating bean with name 'usuarioServiceImpl': Unsatisfied dependency expressed through field 'autoFeignClient'; nested exception is org.springframework.beans.factory.BeanCreationException: Error creating bean with name 'com.usuario.service.feignclients.AutoFeignClient': Unexpected exception during bean creation; nested exception is java.lang.IllegalArgumentException: @RequestMapping annotation not allowed on @FeignClient interfaces
Caused by: org.springframework.beans.factory.UnsatisfiedDependencyException: Error creating bean with name 'usuarioServiceImpl': Unsatisfied dependency expressed through field 'autoFeignClient'; nested exception is org.springframework.beans.factory.BeanCreationException: Error creating bean with name 'com.usuario.service.feignclients.AutoFeignClient': Unexpected exception during bean creation; nested exception is java.lang.IllegalArgumentException: @RequestMapping annotation not allowed on @FeignClient interfaces
Caused by: org.springframework.beans.factory.BeanCreationException: Error creating bean with name 'com.usuario.service.feignclients.AutoFeignClient': Unexpected exception during bean creation; nested exception is java.lang.IllegalArgumentException: @RequestMapping annotation not allowed on @FeignClient interfaces
Caused by: java.lang.IllegalArgumentException: @RequestMapping annotation not allowed on @FeignClient interfaces

